============================= test session starts =============================
platform win32 -- Python 3.11.9, pytest-9.0.2, pluggy-1.6.0
rootdir: C:\Users\Paarth\Github\Boomerang - agentic
plugins: anyio-4.12.1, langsmith-0.6.6
collected 1 item

backend\tests\test_web_agent.py .                                        [100%]

============================== warnings summary ===============================
backend/tests/test_web_agent.py::test_web_research
  C:\Users\Paarth\Github\Boomerang - agentic\backend\services\duckduckgo_service.py:9: RuntimeWarning: This package (`duckduckgo_search`) has been renamed to `ddgs`! Use `pip install ddgs` instead.
    with DDGS() as ddgs:

backend/tests/test_web_agent.py::test_web_research
  C:\Users\Paarth\Github\Boomerang - agentic\backend\.venv\Lib\site-packages\urllib3\util\ssl_.py:262: DeprecationWarning: ssl.PROTOCOL_TLS is deprecated
    context = SSLContext(ssl_version or ssl.PROTOCOL_SSLv23)

backend/tests/test_web_agent.py::test_web_research
  C:\Users\Paarth\Github\Boomerang - agentic\backend\.venv\Lib\site-packages\urllib3\connection.py:374: DeprecationWarning: ssl.match_hostname() is deprecated
    match_hostname(cert, asserted_hostname)

-- Docs: https://docs.pytest.org/en/stable/how-to/capture-warnings.html
======================== 1 passed, 3 warnings in 3.47s ========================
